[21:41:52] [WARNING] mysql_connect: no password specified
[21:41:52] [ERROR] mysql_connect: handle error: no database specified
[21:42:25] [WARNING] mysql_connect: no password specified
[21:42:25] [ERROR] mysql_connect: handle error: no database specified
[21:51:29] [WARNING] mysql_connect: no password specified
[21:51:29] [ERROR] CConnection::CConnection - establishing connection to MySQL database failed: #2019 'Can't initialize character set unknown (path: compiled_in)'
[21:51:29] [ERROR] CConnection::CConnection - establishing connection to MySQL database failed: #2019 'Can't initialize character set unknown (path: compiled_in)'
[21:51:29] [ERROR] CConnection::CConnection - establishing connection to MySQL database failed: #2019 'Can't initialize character set unknown (path: compiled_in)'
[21:51:29] [ERROR] CConnection::CConnection - establishing connection to MySQL database failed: #2019 'Can't initialize character set unknown (path: compiled_in)'
[15:04:05] [WARNING] mysql_connect: no password specified
[15:04:05] [ERROR] CConnection::CConnection - establishing connection to MySQL database failed: #2019 'Can't initialize character set unknown (path: compiled_in)'
[15:04:05] [ERROR] CConnection::CConnection - establishing connection to MySQL database failed: #2019 'Can't initialize character set unknown (path: compiled_in)'
[15:04:05] [ERROR] CConnection::CConnection - establishing connection to MySQL database failed: #2019 'Can't initialize character set unknown (path: compiled_in)'
[15:04:05] [ERROR] CConnection::CConnection - establishing connection to MySQL database failed: #2019 'Can't initialize character set unknown (path: compiled_in)'
[15:04:12] [WARNING] mysql_connect: no password specified
[15:04:12] [ERROR] CConnection::CConnection - establishing connection to MySQL database failed: #2019 'Can't initialize character set unknown (path: compiled_in)'
[15:04:12] [ERROR] CConnection::CConnection - establishing connection to MySQL database failed: #2019 'Can't initialize character set unknown (path: compiled_in)'
[15:04:12] [ERROR] CConnection::CConnection - establishing connection to MySQL database failed: #2019 'Can't initialize character set unknown (path: compiled_in)'
[15:04:12] [ERROR] CConnection::CConnection - establishing connection to MySQL database failed: #2019 'Can't initialize character set unknown (path: compiled_in)'
[15:04:18] [WARNING] mysql_connect: no password specified
[15:04:18] [ERROR] CConnection::CConnection - establishing connection to MySQL database failed: #2019 'Can't initialize character set unknown (path: compiled_in)'
[15:04:18] [ERROR] CConnection::CConnection - establishing connection to MySQL database failed: #2019 'Can't initialize character set unknown (path: compiled_in)'
[15:04:18] [ERROR] CConnection::CConnection - establishing connection to MySQL database failed: #2019 'Can't initialize character set unknown (path: compiled_in)'
[15:04:18] [ERROR] CConnection::CConnection - establishing connection to MySQL database failed: #2019 'Can't initialize character set unknown (path: compiled_in)'
[15:07:29] [WARNING] mysql_connect: no password specified
[15:07:29] [ERROR] CConnection::CConnection - establishing connection to MySQL database failed: #2019 'Can't initialize character set unknown (path: compiled_in)'
[15:07:29] [ERROR] CConnection::CConnection - establishing connection to MySQL database failed: #2019 'Can't initialize character set unknown (path: compiled_in)'
[15:07:29] [ERROR] CConnection::CConnection - establishing connection to MySQL database failed: #2019 'Can't initialize character set unknown (path: compiled_in)'
[15:07:29] [ERROR] CConnection::CConnection - establishing connection to MySQL database failed: #2019 'Can't initialize character set unknown (path: compiled_in)'
[15:07:50] [WARNING] mysql_connect: no password specified
[15:07:50] [ERROR] CConnection::CConnection - establishing connection to MySQL database failed: #2019 'Can't initialize character set unknown (path: compiled_in)'
[15:07:50] [ERROR] CConnection::CConnection - establishing connection to MySQL database failed: #2019 'Can't initialize character set unknown (path: compiled_in)'
[15:07:50] [ERROR] CConnection::CConnection - establishing connection to MySQL database failed: #2019 'Can't initialize character set unknown (path: compiled_in)'
[15:07:50] [ERROR] CConnection::CConnection - establishing connection to MySQL database failed: #2019 'Can't initialize character set unknown (path: compiled_in)'
[15:11:46] [WARNING] mysql_connect: no password specified
[15:11:46] [ERROR] CConnection::CConnection - establishing connection to MySQL database failed: #2019 'Can't initialize character set unknown (path: compiled_in)'
[15:11:46] [ERROR] CConnection::CConnection - establishing connection to MySQL database failed: #2019 'Can't initialize character set unknown (path: compiled_in)'
[15:11:46] [ERROR] CConnection::CConnection - establishing connection to MySQL database failed: #2019 'Can't initialize character set unknown (path: compiled_in)'
[15:11:46] [ERROR] CConnection::CConnection - establishing connection to MySQL database failed: #2019 'Can't initialize character set unknown (path: compiled_in)'
[15:12:03] [WARNING] mysql_connect: no password specified
[15:12:03] [ERROR] CConnection::CConnection - establishing connection to MySQL database failed: #2019 'Can't initialize character set unknown (path: compiled_in)'
[15:12:03] [ERROR] CConnection::CConnection - establishing connection to MySQL database failed: #2019 'Can't initialize character set unknown (path: compiled_in)'
[15:12:03] [ERROR] CConnection::CConnection - establishing connection to MySQL database failed: #2019 'Can't initialize character set unknown (path: compiled_in)'
[15:12:03] [ERROR] CConnection::CConnection - establishing connection to MySQL database failed: #2019 'Can't initialize character set unknown (path: compiled_in)'
[15:12:16] [WARNING] mysql_connect: no password specified
[15:12:16] [ERROR] CConnection::CConnection - establishing connection to MySQL database failed: #2019 'Can't initialize character set unknown (path: compiled_in)'
[15:12:16] [ERROR] CConnection::CConnection - establishing connection to MySQL database failed: #2019 'Can't initialize character set unknown (path: compiled_in)'
[15:12:16] [ERROR] CConnection::CConnection - establishing connection to MySQL database failed: #2019 'Can't initialize character set unknown (path: compiled_in)'
[15:12:16] [ERROR] CConnection::CConnection - establishing connection to MySQL database failed: #2019 'Can't initialize character set unknown (path: compiled_in)'
[15:14:59] [WARNING] mysql_connect: no password specified
[15:19:55] [WARNING] mysql_connect: no password specified
[15:19:55] [ERROR] CConnection::CConnection - establishing connection to MySQL database failed: #2019 'Can't initialize character set unknown (path: compiled_in)'
[15:19:55] [ERROR] CConnection::CConnection - establishing connection to MySQL database failed: #2019 'Can't initialize character set unknown (path: compiled_in)'
[15:19:55] [ERROR] CConnection::CConnection - establishing connection to MySQL database failed: #2019 'Can't initialize character set unknown (path: compiled_in)'
[15:19:55] [ERROR] CConnection::CConnection - establishing connection to MySQL database failed: #2019 'Can't initialize character set unknown (path: compiled_in)'
[15:23:27] [WARNING] mysql_connect: no password specified
[15:23:27] [ERROR] CConnection::CConnection - establishing connection to MySQL database failed: #2019 'Can't initialize character set unknown (path: compiled_in)'
[15:23:27] [ERROR] CConnection::CConnection - establishing connection to MySQL database failed: #2019 'Can't initialize character set unknown (path: compiled_in)'
[15:23:27] [ERROR] CConnection::CConnection - establishing connection to MySQL database failed: #2019 'Can't initialize character set unknown (path: compiled_in)'
[15:23:27] [ERROR] CConnection::CConnection - establishing connection to MySQL database failed: #2019 'Can't initialize character set unknown (path: compiled_in)'
[15:28:13] [WARNING] mysql_connect: no password specified
[15:28:13] [ERROR] CConnection::CConnection - establishing connection to MySQL database failed: #2019 'Can't initialize character set unknown (path: compiled_in)'
[15:28:13] [ERROR] CConnection::CConnection - establishing connection to MySQL database failed: #2019 'Can't initialize character set unknown (path: compiled_in)'
[15:28:13] [ERROR] CConnection::CConnection - establishing connection to MySQL database failed: #2019 'Can't initialize character set unknown (path: compiled_in)'
[15:28:13] [ERROR] CConnection::CConnection - establishing connection to MySQL database failed: #2019 'Can't initialize character set unknown (path: compiled_in)'
[15:28:14] [WARNING] mysql_connect: no password specified
[15:28:14] [ERROR] CConnection::CConnection - establishing connection to MySQL database failed: #2019 'Can't initialize character set unknown (path: compiled_in)'
[15:28:14] [ERROR] CConnection::CConnection - establishing connection to MySQL database failed: #2019 'Can't initialize character set unknown (path: compiled_in)'
[15:28:14] [ERROR] CConnection::CConnection - establishing connection to MySQL database failed: #2019 'Can't initialize character set unknown (path: compiled_in)'
[15:28:14] [ERROR] CConnection::CConnection - establishing connection to MySQL database failed: #2019 'Can't initialize character set unknown (path: compiled_in)'
[15:31:15] [WARNING] mysql_connect: no password specified
[15:31:15] [ERROR] CConnection::CConnection - establishing connection to MySQL database failed: #2019 'Can't initialize character set unknown (path: compiled_in)'
[15:31:15] [ERROR] CConnection::CConnection - establishing connection to MySQL database failed: #2019 'Can't initialize character set unknown (path: compiled_in)'
[15:31:15] [ERROR] CConnection::CConnection - establishing connection to MySQL database failed: #2019 'Can't initialize character set unknown (path: compiled_in)'
[15:31:15] [ERROR] CConnection::CConnection - establishing connection to MySQL database failed: #2019 'Can't initialize character set unknown (path: compiled_in)'
[15:39:08] [WARNING] mysql_connect: no password specified
[15:39:08] [ERROR] CConnection::CConnection - establishing connection to MySQL database failed: #2019 'Can't initialize character set unknown (path: compiled_in)'
[15:39:08] [ERROR] CConnection::CConnection - establishing connection to MySQL database failed: #2019 'Can't initialize character set unknown (path: compiled_in)'
[15:39:08] [ERROR] CConnection::CConnection - establishing connection to MySQL database failed: #2019 'Can't initialize character set unknown (path: compiled_in)'
[15:39:08] [ERROR] CConnection::CConnection - establishing connection to MySQL database failed: #2019 'Can't initialize character set unknown (path: compiled_in)'
[15:41:30] [WARNING] mysql_connect: no password specified
[15:41:30] [ERROR] CConnection::CConnection - establishing connection to MySQL database failed: #2059 'Plugin caching_sha2_password could not be loaded: No se puede encontrar el módulo especificado.
'
[15:41:30] [ERROR] CConnection::CConnection - establishing connection to MySQL database failed: #2059 'Plugin caching_sha2_password could not be loaded: No se puede encontrar el módulo especificado.
'
[15:41:30] [ERROR] CConnection::CConnection - establishing connection to MySQL database failed: #2059 'Plugin caching_sha2_password could not be loaded: No se puede encontrar el módulo especificado.
'
[15:41:30] [ERROR] CConnection::CConnection - establishing connection to MySQL database failed: #2059 'Plugin caching_sha2_password could not be loaded: No se puede encontrar el módulo especificado.
'
[15:43:16] [WARNING] mysql_connect: no password specified
[15:43:16] [ERROR] CConnection::CConnection - establishing connection to MySQL database failed: #2059 'Plugin caching_sha2_password could not be loaded: No se puede encontrar el módulo especificado.
'
[15:43:16] [ERROR] CConnection::CConnection - establishing connection to MySQL database failed: #2059 'Plugin caching_sha2_password could not be loaded: No se puede encontrar el módulo especificado.
'
[15:43:16] [ERROR] CConnection::CConnection - establishing connection to MySQL database failed: #2059 'Plugin caching_sha2_password could not be loaded: No se puede encontrar el módulo especificado.
'
[15:43:16] [ERROR] CConnection::CConnection - establishing connection to MySQL database failed: #2059 'Plugin caching_sha2_password could not be loaded: No se puede encontrar el módulo especificado.
'
[15:43:49] [WARNING] mysql_connect: no password specified
[15:43:49] [ERROR] CConnection::CConnection - establishing connection to MySQL database failed: #2059 'Plugin caching_sha2_password could not be loaded: No se puede encontrar el módulo especificado.
'
[15:43:49] [ERROR] CConnection::CConnection - establishing connection to MySQL database failed: #2059 'Plugin caching_sha2_password could not be loaded: No se puede encontrar el módulo especificado.
'
[15:43:49] [ERROR] CConnection::CConnection - establishing connection to MySQL database failed: #2059 'Plugin caching_sha2_password could not be loaded: No se puede encontrar el módulo especificado.
'
[15:43:49] [ERROR] CConnection::CConnection - establishing connection to MySQL database failed: #2059 'Plugin caching_sha2_password could not be loaded: No se puede encontrar el módulo especificado.
'
[15:47:43] [WARNING] mysql_connect: no password specified
[15:47:43] [ERROR] CConnection::CConnection - establishing connection to MySQL database failed: #2059 'Plugin caching_sha2_password could not be loaded: No se puede encontrar el módulo especificado.
'
[15:47:43] [ERROR] CConnection::CConnection - establishing connection to MySQL database failed: #2059 'Plugin caching_sha2_password could not be loaded: No se puede encontrar el módulo especificado.
'
[15:47:43] [ERROR] CConnection::CConnection - establishing connection to MySQL database failed: #2059 'Plugin caching_sha2_password could not be loaded: No se puede encontrar el módulo especificado.
'
[15:47:43] [ERROR] CConnection::CConnection - establishing connection to MySQL database failed: #2059 'Plugin caching_sha2_password could not be loaded: No se puede encontrar el módulo especificado.
'
[16:03:43] [WARNING] mysql_connect: no password specified
[16:05:42] [WARNING] mysql_connect: no password specified
[16:07:25] [WARNING] mysql_connect: no password specified
[16:08:07] [WARNING] mysql_connect: no password specified
[16:09:44] [WARNING] mysql_connect: no password specified
[20:37:26] [WARNING] mysql_connect: no password specified
[20:44:30] [WARNING] mysql_connect: no password specified
[20:46:52] [WARNING] mysql_connect: no password specified
[21:18:55] [WARNING] mysql_connect: no password specified
[20:35:11] [WARNING] mysql_connect: no password specified
[20:37:50] [WARNING] mysql_connect: no password specified
[20:29:35] [WARNING] mysql_connect: no password specified
[20:29:39] [ERROR] CConnection::CConnection - establishing connection to MySQL database failed: #2002 'Can't connect to MySQL server on 'localhost' (10061)'
[20:30:08] [WARNING] mysql_connect: no password specified
[20:32:21] [WARNING] mysql_connect: no password specified
[20:56:51] [WARNING] mysql_connect: no password specified
<<<<<<< HEAD
[15:10:45] [WARNING] mysql_connect: no password specified
=======
[15:10:19] [WARNING] mysql_connect: no password specified
[15:10:19] [ERROR] CConnection::CConnection - establishing connection to MySQL database failed: #2019 'Can't initialize character set unknown (path: compiled_in)'
[15:10:19] [ERROR] CConnection::CConnection - establishing connection to MySQL database failed: #2019 'Can't initialize character set unknown (path: compiled_in)'
[15:10:19] [ERROR] CConnection::CConnection - establishing connection to MySQL database failed: #2019 'Can't initialize character set unknown (path: compiled_in)'
[15:10:19] [ERROR] CConnection::CConnection - establishing connection to MySQL database failed: #2019 'Can't initialize character set unknown (path: compiled_in)'
[15:10:30] [WARNING] mysql_connect: no password specified
[15:10:30] [ERROR] CConnection::CConnection - establishing connection to MySQL database failed: #2019 'Can't initialize character set unknown (path: compiled_in)'
[15:10:30] [ERROR] CConnection::CConnection - establishing connection to MySQL database failed: #2019 'Can't initialize character set unknown (path: compiled_in)'
[15:10:30] [ERROR] CConnection::CConnection - establishing connection to MySQL database failed: #2019 'Can't initialize character set unknown (path: compiled_in)'
[15:10:30] [ERROR] CConnection::CConnection - establishing connection to MySQL database failed: #2019 'Can't initialize character set unknown (path: compiled_in)'
[15:10:59] [WARNING] mysql_connect: no password specified
[15:10:59] [ERROR] CConnection::CConnection - establishing connection to MySQL database failed: #2019 'Can't initialize character set unknown (path: compiled_in)'
[15:10:59] [ERROR] CConnection::CConnection - establishing connection to MySQL database failed: #2019 'Can't initialize character set unknown (path: compiled_in)'
[15:10:59] [ERROR] CConnection::CConnection - establishing connection to MySQL database failed: #2019 'Can't initialize character set unknown (path: compiled_in)'
[15:10:59] [ERROR] CConnection::CConnection - establishing connection to MySQL database failed: #2019 'Can't initialize character set unknown (path: compiled_in)'
>>>>>>> 3324795090ec809005396f045f23022095ebaa4c
[15:21:20] [WARNING] mysql_connect: no password specified
[15:21:20] [ERROR] CConnection::CConnection - establishing connection to MySQL database failed: #2019 'Can't initialize character set unknown (path: compiled_in)'
[15:21:20] [ERROR] CConnection::CConnection - establishing connection to MySQL database failed: #2019 'Can't initialize character set unknown (path: compiled_in)'
[15:21:20] [ERROR] CConnection::CConnection - establishing connection to MySQL database failed: #2019 'Can't initialize character set unknown (path: compiled_in)'
[15:21:20] [ERROR] CConnection::CConnection - establishing connection to MySQL database failed: #2019 'Can't initialize character set unknown (path: compiled_in)'
[15:21:35] [WARNING] mysql_connect: no password specified
[15:21:35] [ERROR] CConnection::CConnection - establishing connection to MySQL database failed: #2019 'Can't initialize character set unknown (path: compiled_in)'
[15:21:35] [ERROR] CConnection::CConnection - establishing connection to MySQL database failed: #2019 'Can't initialize character set unknown (path: compiled_in)'
[15:21:35] [ERROR] CConnection::CConnection - establishing connection to MySQL database failed: #2019 'Can't initialize character set unknown (path: compiled_in)'
[15:21:35] [ERROR] CConnection::CConnection - establishing connection to MySQL database failed: #2019 'Can't initialize character set unknown (path: compiled_in)'
[15:43:37] [WARNING] mysql_connect: no password specified
[15:43:37] [ERROR] CConnection::CConnection - establishing connection to MySQL database failed: #2019 'Can't initialize character set unknown (path: compiled_in)'
[15:43:37] [ERROR] CConnection::CConnection - establishing connection to MySQL database failed: #2019 'Can't initialize character set unknown (path: compiled_in)'
[15:43:37] [ERROR] CConnection::CConnection - establishing connection to MySQL database failed: #2019 'Can't initialize character set unknown (path: compiled_in)'
[15:43:37] [ERROR] CConnection::CConnection - establishing connection to MySQL database failed: #2019 'Can't initialize character set unknown (path: compiled_in)'
[15:48:14] [WARNING] mysql_connect: no password specified
[15:48:14] [ERROR] CConnection::CConnection - establishing connection to MySQL database failed: #2019 'Can't initialize character set unknown (path: compiled_in)'
[15:48:14] [ERROR] CConnection::CConnection - establishing connection to MySQL database failed: #2019 'Can't initialize character set unknown (path: compiled_in)'
[15:48:14] [ERROR] CConnection::CConnection - establishing connection to MySQL database failed: #2019 'Can't initialize character set unknown (path: compiled_in)'
[15:48:14] [ERROR] CConnection::CConnection - establishing connection to MySQL database failed: #2019 'Can't initialize character set unknown (path: compiled_in)'
[15:49:04] [WARNING] mysql_connect: no password specified
[15:49:04] [ERROR] CConnection::CConnection - establishing connection to MySQL database failed: #2019 'Can't initialize character set unknown (path: compiled_in)'
[15:49:04] [ERROR] CConnection::CConnection - establishing connection to MySQL database failed: #2019 'Can't initialize character set unknown (path: compiled_in)'
[15:49:04] [ERROR] CConnection::CConnection - establishing connection to MySQL database failed: #2019 'Can't initialize character set unknown (path: compiled_in)'
[15:49:04] [ERROR] CConnection::CConnection - establishing connection to MySQL database failed: #2019 'Can't initialize character set unknown (path: compiled_in)'
